{"level":"info","message":"🧪 Test runner executed on /home/geronimo/Escritorio/2026s1c4-pepita-Gero24/26s1c4-inscripcionmaterias-Gero24","result":{"errored":0,"failed":0,"ok":1},"testsFailed":[],"timeElapsed":957,"timestamp":"2026-05-26T23:14:00.436Z"}
{"level":"info","message":"🧪 Test runner executed on /home/geronimo/Escritorio/2026s1c4-pepita-Gero24/26s1c4-inscripcionmaterias-Gero24","result":{"errored":0,"failed":0,"ok":1},"testsFailed":[],"timeElapsed":1101,"timestamp":"2026-05-26T23:17:02.488Z"}
{"level":"info","message":"🧪 Test runner executed on /home/geronimo/Escritorio/2026s1c4-pepita-Gero24/26s1c4-inscripcionmaterias-Gero24","result":{"errored":0,"failed":0,"ok":1},"testsFailed":[],"timeElapsed":851,"timestamp":"2026-05-26T23:17:10.392Z"}
{"level":"info","message":"⌛ Building environment","timeElapsed":114,"timestamp":"2026-05-27T00:42:58.990Z"}
{"level":"info","message":"⌛ Validating src/carreras.wlk","timeElapsed":137,"timestamp":"2026-05-27T00:42:59.521Z"}
{"level":"info","message":"⌛ Building environment","timeElapsed":123,"timestamp":"2026-05-27T00:42:59.521Z"}
{"level":"info","message":"⌛ Building environment","timeElapsed":110,"timestamp":"2026-05-27T00:42:59.522Z"}
{"level":"info","message":"⌛ Validating src/carreras.wlk","timeElapsed":144,"timestamp":"2026-05-27T00:42:59.522Z"}
{"level":"info","message":"⌛ Validating src/carreras.wlk","timeElapsed":146,"timestamp":"2026-05-27T00:42:59.671Z"}
{"level":"info","message":"⌛ Validating src/carreras.wlk","timeElapsed":145,"timestamp":"2026-05-27T00:42:59.817Z"}
{"level":"info","message":"⌛ Validating src/carreras.wlk","timeElapsed":118,"timestamp":"2026-05-27T00:42:59.939Z"}
{"level":"info","message":"⌛ Validating src/carreras.wlk","timeElapsed":155,"timestamp":"2026-05-27T00:43:00.096Z"}
{"level":"info","message":"⌛ Building environment","timeElapsed":108,"timestamp":"2026-05-27T00:43:00.209Z"}
{"level":"info","message":"⌛ Validating src/carreras.wlk","timeElapsed":274,"timestamp":"2026-05-27T00:43:00.532Z"}
{"level":"info","message":"⌛ Building environment","timeElapsed":391,"timestamp":"2026-05-27T00:43:01.354Z"}
{"level":"info","message":"⌛ Building environment","timeElapsed":173,"timestamp":"2026-05-27T00:43:01.528Z"}
{"level":"info","message":"⌛ Validating src/carreras.wlk","timeElapsed":160,"timestamp":"2026-05-27T00:43:01.689Z"}
{"level":"info","message":"⌛ Building environment","timeElapsed":184,"timestamp":"2026-05-27T00:43:01.885Z"}
{"level":"info","message":"⌛ Validating src/carreras.wlk","timeElapsed":152,"timestamp":"2026-05-27T00:43:02.039Z"}
{"level":"info","message":"⌛ Building environment","timeElapsed":185,"timestamp":"2026-05-27T00:43:02.225Z"}
{"level":"info","message":"⌛ Validating src/carreras.wlk","timeElapsed":167,"timestamp":"2026-05-27T00:43:02.393Z"}
{"level":"info","message":"⌛ Validating src/carreras.wlk","timeElapsed":138,"timestamp":"2026-05-27T00:43:02.545Z"}
{"level":"info","message":"⌛ Building environment","timeElapsed":131,"timestamp":"2026-05-27T00:43:02.676Z"}
{"level":"info","message":"⌛ Validating src/carreras.wlk","timeElapsed":137,"timestamp":"2026-05-27T00:43:02.821Z"}
{"level":"info","message":"⌛ Building environment","timeElapsed":532,"timestamp":"2026-05-27T00:43:58.763Z"}
{"level":"info","message":"⌛ Validating src/carreras.wlk","timeElapsed":150,"timestamp":"2026-05-27T00:43:58.989Z"}
{"level":"info","message":"⌛ Building environment","timeElapsed":502,"timestamp":"2026-05-27T00:44:00.401Z"}
{"level":"info","message":"⌛ Validating src/carreras.wlk","timeElapsed":211,"timestamp":"2026-05-27T00:44:00.624Z"}
{"level":"info","message":"⌛ Building environment","timeElapsed":182,"timestamp":"2026-05-27T00:44:00.806Z"}
{"level":"info","message":"⌛ Validating src/carreras.wlk","timeElapsed":203,"timestamp":"2026-05-27T00:44:01.022Z"}
{"level":"info","message":"⌛ Building environment","timeElapsed":119,"timestamp":"2026-05-27T00:44:01.142Z"}
{"level":"info","message":"⌛ Building environment","timeElapsed":139,"timestamp":"2026-05-27T00:44:01.299Z"}
{"level":"info","message":"⌛ Validating src/carreras.wlk","timeElapsed":129,"timestamp":"2026-05-27T00:44:01.429Z"}
{"level":"info","message":"⌛ Validating src/carreras.wlk","timeElapsed":145,"timestamp":"2026-05-27T00:44:01.581Z"}
{"level":"info","message":"⌛ Building environment","timeElapsed":399,"timestamp":"2026-05-27T00:44:02.569Z"}
{"level":"error","message":"✘ Completions for node Return (undefined - src/carreras.wlk) failed: Error: [Return]{266621} at src/carreras.wlk:-- exhausted all cases without a match [Return]{266621} at src/carreras.wlk:-- exhausted all cases without a match","stack":"Error: [Return]{266621} at src/carreras.wlk:-- exhausted all cases without a match\n    at /home/geronimo/.vscode/extensions/uqbar.wollok-lsp-ide-0.5.4/out/server/src/server.js:38:6142\n    at L2 (/home/geronimo/.vscode/extensions/uqbar.wollok-lsp-ide-0.5.4/out/server/src/server.js:2389:42)\n    at Jh (/home/geronimo/.vscode/extensions/uqbar.wollok-lsp-ide-0.5.4/out/server/src/server.js:2389:1092)\n    at M5n (/home/geronimo/.vscode/extensions/uqbar.wollok-lsp-ide-0.5.4/out/server/src/server.js:2389:1248)\n    at /home/geronimo/.vscode/extensions/uqbar.wollok-lsp-ide-0.5.4/out/server/src/server.js:38:6131\n    at L2 (/home/geronimo/.vscode/extensions/uqbar.wollok-lsp-ide-0.5.4/out/server/src/server.js:2389:42)\n    at /home/geronimo/.vscode/extensions/uqbar.wollok-lsp-ide-0.5.4/out/server/src/server.js:2389:2988\n    at /home/geronimo/.vscode/extensions/uqbar.wollok-lsp-ide-0.5.4/out/server/src/server.js:2398:8440\n    at /home/geronimo/.vscode/extensions/uqbar.wollok-lsp-ide-0.5.4/out/server/src/server.js:37:74872\n    at Ke (/home/geronimo/.vscode/extensions/uqbar.wollok-lsp-ide-0.5.4/out/server/src/server.js:7:8527)","timestamp":"2026-05-27T00:44:02.644Z"}
{"level":"info","message":"⌛ Building environment","timeElapsed":240,"timestamp":"2026-05-27T00:44:02.893Z"}
{"level":"info","message":"⌛ Validating src/carreras.wlk","timeElapsed":179,"timestamp":"2026-05-27T00:44:03.072Z"}
{"level":"info","message":"⌛ Building environment","timeElapsed":151,"timestamp":"2026-05-27T00:44:03.235Z"}
{"level":"info","message":"⌛ Validating src/carreras.wlk","timeElapsed":199,"timestamp":"2026-05-27T00:44:03.434Z"}
{"level":"info","message":"⌛ Building environment","timeElapsed":135,"timestamp":"2026-05-27T00:44:03.585Z"}
{"level":"info","message":"⌛ Validating src/carreras.wlk","timeElapsed":160,"timestamp":"2026-05-27T00:44:03.745Z"}
{"level":"info","message":"⌛ Building environment","timeElapsed":117,"timestamp":"2026-05-27T00:44:03.868Z"}
{"level":"info","message":"⌛ Validating src/carreras.wlk","timeElapsed":143,"timestamp":"2026-05-27T00:44:04.016Z"}
{"level":"info","message":"⌛ Validating src/carreras.wlk","timeElapsed":152,"timestamp":"2026-05-27T00:44:04.185Z"}
{"level":"info","message":"⌛ Building environment","timeElapsed":396,"timestamp":"2026-05-27T00:44:06.233Z"}
{"level":"info","message":"⌛ Validating src/carreras.wlk","timeElapsed":159,"timestamp":"2026-05-27T00:44:06.402Z"}
{"level":"error","message":"✘ Failed to get type description: Error: Failed to print, found malformed node Failed to print, found malformed node","node":{"id":"a04dce31-6bf3-472c-a1dc-24d506f872c4","metadata":[],"problems":[{"code":"malformedSentence","sourceMap":{"end":{"column":0,"line":43,"offset":1222},"start":{"column":39,"line":38,"offset":1072}}}],"scope":{"containerScope":{"containerScope":{"containerScope":{"containerScope":{"containerScope":{"contributions":{},"includedScopes":[]},"contributions":{},"includedScopes":[]},"contributions":{},"includedScopes":[]},"contributions":{},"includedScopes":[{"containerScope":{"containerScope":{"containerScope":{"contributions":{},"includedScopes":[]},"contributions":{},"includedScopes":[]},"contributions":{},"includedScopes":[]},"contributions":{},"includedScopes":[]}]},"contributions":{},"includedScopes":[]},"contributions":{},"includedScopes":[]},"sentences":[],"sourceMap":{"end":{"column":134,"line":42,"offset":1222},"start":{"column":39,"line":38,"offset":1072}}},"stack":"Error: Failed to print, found malformed node\n    at /home/geronimo/.vscode/extensions/uqbar.wollok-lsp-ide-0.5.4/out/server/src/server.js:68:3585\n    at /home/geronimo/.vscode/extensions/uqbar.wollok-lsp-ide-0.5.4/out/server/src/server.js:68:5370\n    at /home/geronimo/.vscode/extensions/uqbar.wollok-lsp-ide-0.5.4/out/server/src/server.js:38:6131\n    at /home/geronimo/.vscode/extensions/uqbar.wollok-lsp-ide-0.5.4/out/server/src/server.js:68:3664\n    at Kbn (/home/geronimo/.vscode/extensions/uqbar.wollok-lsp-ide-0.5.4/out/server/src/server.js:68:3396)\n    at /home/geronimo/.vscode/extensions/uqbar.wollok-lsp-ide-0.5.4/out/server/src/server.js:2398:847\n    at /home/geronimo/.vscode/extensions/uqbar.wollok-lsp-ide-0.5.4/out/server/src/server.js:2398:8440\n    at /home/geronimo/.vscode/extensions/uqbar.wollok-lsp-ide-0.5.4/out/server/src/server.js:37:74770\n    at Ke (/home/geronimo/.vscode/extensions/uqbar.wollok-lsp-ide-0.5.4/out/server/src/server.js:7:8527)\n    at Lt (/home/geronimo/.vscode/extensions/uqbar.wollok-lsp-ide-0.5.4/out/server/src/server.js:7:6189)","timestamp":"2026-05-27T00:44:09.391Z"}
{"level":"error","message":"✘ Failed to get type description: Error: Failed to print, found malformed node Failed to print, found malformed node","node":{"id":"a04dce31-6bf3-472c-a1dc-24d506f872c4","metadata":[],"problems":[{"code":"malformedSentence","sourceMap":{"end":{"column":0,"line":43,"offset":1222},"start":{"column":39,"line":38,"offset":1072}}}],"scope":{"containerScope":{"containerScope":{"containerScope":{"containerScope":{"containerScope":{"contributions":{},"includedScopes":[]},"contributions":{},"includedScopes":[]},"contributions":{},"includedScopes":[]},"contributions":{},"includedScopes":[{"containerScope":{"containerScope":{"containerScope":{"contributions":{},"includedScopes":[]},"contributions":{},"includedScopes":[]},"contributions":{},"includedScopes":[]},"contributions":{},"includedScopes":[]}]},"contributions":{},"includedScopes":[]},"contributions":{},"includedScopes":[]},"sentences":[],"sourceMap":{"end":{"column":134,"line":42,"offset":1222},"start":{"column":39,"line":38,"offset":1072}}},"stack":"Error: Failed to print, found malformed node\n    at /home/geronimo/.vscode/extensions/uqbar.wollok-lsp-ide-0.5.4/out/server/src/server.js:68:3585\n    at /home/geronimo/.vscode/extensions/uqbar.wollok-lsp-ide-0.5.4/out/server/src/server.js:68:5370\n    at /home/geronimo/.vscode/extensions/uqbar.wollok-lsp-ide-0.5.4/out/server/src/server.js:38:6131\n    at /home/geronimo/.vscode/extensions/uqbar.wollok-lsp-ide-0.5.4/out/server/src/server.js:68:3664\n    at Kbn (/home/geronimo/.vscode/extensions/uqbar.wollok-lsp-ide-0.5.4/out/server/src/server.js:68:3396)\n    at /home/geronimo/.vscode/extensions/uqbar.wollok-lsp-ide-0.5.4/out/server/src/server.js:2398:847\n    at /home/geronimo/.vscode/extensions/uqbar.wollok-lsp-ide-0.5.4/out/server/src/server.js:2398:8440\n    at /home/geronimo/.vscode/extensions/uqbar.wollok-lsp-ide-0.5.4/out/server/src/server.js:37:74770\n    at Ke (/home/geronimo/.vscode/extensions/uqbar.wollok-lsp-ide-0.5.4/out/server/src/server.js:7:8527)\n    at Lt (/home/geronimo/.vscode/extensions/uqbar.wollok-lsp-ide-0.5.4/out/server/src/server.js:7:6189)","timestamp":"2026-05-27T00:44:09.653Z"}
{"level":"error","message":"✘ Failed to get type description: Error: Failed to print, found malformed node Failed to print, found malformed node","node":{"id":"a04dce31-6bf3-472c-a1dc-24d506f872c4","metadata":[],"problems":[{"code":"malformedSentence","sourceMap":{"end":{"column":0,"line":43,"offset":1222},"start":{"column":39,"line":38,"offset":1072}}}],"scope":{"containerScope":{"containerScope":{"containerScope":{"containerScope":{"containerScope":{"contributions":{},"includedScopes":[]},"contributions":{},"includedScopes":[]},"contributions":{},"includedScopes":[]},"contributions":{},"includedScopes":[{"containerScope":{"containerScope":{"containerScope":{"contributions":{},"includedScopes":[]},"contributions":{},"includedScopes":[]},"contributions":{},"includedScopes":[]},"contributions":{},"includedScopes":[]}]},"contributions":{},"includedScopes":[]},"contributions":{},"includedScopes":[]},"sentences":[],"sourceMap":{"end":{"column":134,"line":42,"offset":1222},"start":{"column":39,"line":38,"offset":1072}}},"stack":"Error: Failed to print, found malformed node\n    at /home/geronimo/.vscode/extensions/uqbar.wollok-lsp-ide-0.5.4/out/server/src/server.js:68:3585\n    at /home/geronimo/.vscode/extensions/uqbar.wollok-lsp-ide-0.5.4/out/server/src/server.js:68:5370\n    at /home/geronimo/.vscode/extensions/uqbar.wollok-lsp-ide-0.5.4/out/server/src/server.js:38:6131\n    at /home/geronimo/.vscode/extensions/uqbar.wollok-lsp-ide-0.5.4/out/server/src/server.js:68:3664\n    at Kbn (/home/geronimo/.vscode/extensions/uqbar.wollok-lsp-ide-0.5.4/out/server/src/server.js:68:3396)\n    at /home/geronimo/.vscode/extensions/uqbar.wollok-lsp-ide-0.5.4/out/server/src/server.js:2398:847\n    at /home/geronimo/.vscode/extensions/uqbar.wollok-lsp-ide-0.5.4/out/server/src/server.js:2398:8440\n    at /home/geronimo/.vscode/extensions/uqbar.wollok-lsp-ide-0.5.4/out/server/src/server.js:37:74770\n    at Ke (/home/geronimo/.vscode/extensions/uqbar.wollok-lsp-ide-0.5.4/out/server/src/server.js:7:8527)\n    at Lt (/home/geronimo/.vscode/extensions/uqbar.wollok-lsp-ide-0.5.4/out/server/src/server.js:7:6189)","timestamp":"2026-05-27T00:44:10.382Z"}
{"level":"info","message":"⌛ Building environment","timeElapsed":176,"timestamp":"2026-05-27T00:44:16.630Z"}
{"level":"info","message":"⌛ Validating src/carreras.wlk","timeElapsed":205,"timestamp":"2026-05-27T00:44:16.838Z"}
{"level":"error","message":"✘ Failed to get type description: Error: Failed to print, found malformed node Failed to print, found malformed node","node":{"id":"98cd5430-2696-4d6b-9c08-8b4e57fddb2a","metadata":[],"problems":[{"code":"malformedSentence","sourceMap":{"end":{"column":0,"line":45,"offset":1173},"start":{"column":39,"line":38,"offset":1072}}}],"scope":{"containerScope":{"containerScope":{"containerScope":{"containerScope":{"containerScope":{"contributions":{},"includedScopes":[]},"contributions":{},"includedScopes":[]},"contributions":{},"includedScopes":[]},"contributions":{},"includedScopes":[{"containerScope":{"containerScope":{"containerScope":{"contributions":{},"includedScopes":[]},"contributions":{},"includedScopes":[]},"contributions":{},"includedScopes":[]},"contributions":{},"includedScopes":[]}]},"contributions":{},"includedScopes":[]},"contributions":{},"includedScopes":[]},"sentences":[],"sourceMap":{"end":{"column":79,"line":44,"offset":1173},"start":{"column":39,"line":38,"offset":1072}}},"stack":"Error: Failed to print, found malformed node\n    at /home/geronimo/.vscode/extensions/uqbar.wollok-lsp-ide-0.5.4/out/server/src/server.js:68:3585\n    at /home/geronimo/.vscode/extensions/uqbar.wollok-lsp-ide-0.5.4/out/server/src/server.js:68:5370\n    at /home/geronimo/.vscode/extensions/uqbar.wollok-lsp-ide-0.5.4/out/server/src/server.js:38:6131\n    at /home/geronimo/.vscode/extensions/uqbar.wollok-lsp-ide-0.5.4/out/server/src/server.js:68:3664\n    at Kbn (/home/geronimo/.vscode/extensions/uqbar.wollok-lsp-ide-0.5.4/out/server/src/server.js:68:3396)\n    at /home/geronimo/.vscode/extensions/uqbar.wollok-lsp-ide-0.5.4/out/server/src/server.js:2398:847\n    at /home/geronimo/.vscode/extensions/uqbar.wollok-lsp-ide-0.5.4/out/server/src/server.js:2398:8440\n    at /home/geronimo/.vscode/extensions/uqbar.wollok-lsp-ide-0.5.4/out/server/src/server.js:37:74770\n    at Ke (/home/geronimo/.vscode/extensions/uqbar.wollok-lsp-ide-0.5.4/out/server/src/server.js:7:8527)\n    at Lt (/home/geronimo/.vscode/extensions/uqbar.wollok-lsp-ide-0.5.4/out/server/src/server.js:7:6189)","timestamp":"2026-05-27T00:44:17.941Z"}
{"level":"info","message":"⌛ Building environment","timeElapsed":418,"timestamp":"2026-05-27T00:44:20.289Z"}
{"level":"info","message":"⌛ Validating src/carreras.wlk","timeElapsed":156,"timestamp":"2026-05-27T00:44:20.462Z"}
{"level":"info","message":"⌛ Building environment","timeElapsed":416,"timestamp":"2026-05-27T00:44:32.611Z"}
{"level":"info","message":"⌛ Validating src/carreras.wlk","timeElapsed":209,"timestamp":"2026-05-27T00:44:32.834Z"}
{"level":"error","message":"✘ Failed to get type description: Error: Failed to print, found malformed node Failed to print, found malformed node","node":{"id":"6f7833b0-dda6-4f14-85df-6582567a2262","metadata":[],"problems":[{"code":"malformedSentence","sourceMap":{"end":{"column":0,"line":45,"offset":1303},"start":{"column":39,"line":38,"offset":1072}}}],"scope":{"containerScope":{"containerScope":{"containerScope":{"containerScope":{"containerScope":{"contributions":{},"includedScopes":[]},"contributions":{},"includedScopes":[]},"contributions":{},"includedScopes":[]},"contributions":{},"includedScopes":[{"containerScope":{"containerScope":{"containerScope":{"contributions":{},"includedScopes":[]},"contributions":{},"includedScopes":[]},"contributions":{},"includedScopes":[]},"contributions":{},"includedScopes":[]}]},"contributions":{},"includedScopes":[]},"contributions":{},"includedScopes":[]},"sentences":[],"sourceMap":{"end":{"column":79,"line":44,"offset":1303},"start":{"column":39,"line":38,"offset":1072}}},"stack":"Error: Failed to print, found malformed node\n    at /home/geronimo/.vscode/extensions/uqbar.wollok-lsp-ide-0.5.4/out/server/src/server.js:68:3585\n    at /home/geronimo/.vscode/extensions/uqbar.wollok-lsp-ide-0.5.4/out/server/src/server.js:68:5370\n    at /home/geronimo/.vscode/extensions/uqbar.wollok-lsp-ide-0.5.4/out/server/src/server.js:38:6131\n    at /home/geronimo/.vscode/extensions/uqbar.wollok-lsp-ide-0.5.4/out/server/src/server.js:68:3664\n    at Kbn (/home/geronimo/.vscode/extensions/uqbar.wollok-lsp-ide-0.5.4/out/server/src/server.js:68:3396)\n    at /home/geronimo/.vscode/extensions/uqbar.wollok-lsp-ide-0.5.4/out/server/src/server.js:2398:847\n    at /home/geronimo/.vscode/extensions/uqbar.wollok-lsp-ide-0.5.4/out/server/src/server.js:2398:8440\n    at /home/geronimo/.vscode/extensions/uqbar.wollok-lsp-ide-0.5.4/out/server/src/server.js:37:74770\n    at Ke (/home/geronimo/.vscode/extensions/uqbar.wollok-lsp-ide-0.5.4/out/server/src/server.js:7:8527)\n    at Lt (/home/geronimo/.vscode/extensions/uqbar.wollok-lsp-ide-0.5.4/out/server/src/server.js:7:6189)","timestamp":"2026-05-27T00:44:35.966Z"}
{"level":"error","message":"✘ Failed to get type description: Error: Failed to print, found malformed node Failed to print, found malformed node","node":{"id":"6f7833b0-dda6-4f14-85df-6582567a2262","metadata":[],"problems":[{"code":"malformedSentence","sourceMap":{"end":{"column":0,"line":45,"offset":1303},"start":{"column":39,"line":38,"offset":1072}}}],"scope":{"containerScope":{"containerScope":{"containerScope":{"containerScope":{"containerScope":{"contributions":{},"includedScopes":[]},"contributions":{},"includedScopes":[]},"contributions":{},"includedScopes":[]},"contributions":{},"includedScopes":[{"containerScope":{"containerScope":{"containerScope":{"contributions":{},"includedScopes":[]},"contributions":{},"includedScopes":[]},"contributions":{},"includedScopes":[]},"contributions":{},"includedScopes":[]}]},"contributions":{},"includedScopes":[]},"contributions":{},"includedScopes":[]},"sentences":[],"sourceMap":{"end":{"column":79,"line":44,"offset":1303},"start":{"column":39,"line":38,"offset":1072}}},"stack":"Error: Failed to print, found malformed node\n    at /home/geronimo/.vscode/extensions/uqbar.wollok-lsp-ide-0.5.4/out/server/src/server.js:68:3585\n    at /home/geronimo/.vscode/extensions/uqbar.wollok-lsp-ide-0.5.4/out/server/src/server.js:68:5370\n    at /home/geronimo/.vscode/extensions/uqbar.wollok-lsp-ide-0.5.4/out/server/src/server.js:38:6131\n    at /home/geronimo/.vscode/extensions/uqbar.wollok-lsp-ide-0.5.4/out/server/src/server.js:68:3664\n    at Kbn (/home/geronimo/.vscode/extensions/uqbar.wollok-lsp-ide-0.5.4/out/server/src/server.js:68:3396)\n    at /home/geronimo/.vscode/extensions/uqbar.wollok-lsp-ide-0.5.4/out/server/src/server.js:2398:847\n    at /home/geronimo/.vscode/extensions/uqbar.wollok-lsp-ide-0.5.4/out/server/src/server.js:2398:8440\n    at /home/geronimo/.vscode/extensions/uqbar.wollok-lsp-ide-0.5.4/out/server/src/server.js:37:74770\n    at Ke (/home/geronimo/.vscode/extensions/uqbar.wollok-lsp-ide-0.5.4/out/server/src/server.js:7:8527)\n    at Lt (/home/geronimo/.vscode/extensions/uqbar.wollok-lsp-ide-0.5.4/out/server/src/server.js:7:6189)","timestamp":"2026-05-27T00:44:37.003Z"}
{"level":"info","message":"⌛ Building environment","timeElapsed":495,"timestamp":"2026-05-27T00:44:37.977Z"}
{"level":"info","message":"⌛ Validating src/carreras.wlk","timeElapsed":163,"timestamp":"2026-05-27T00:44:38.165Z"}
{"level":"info","message":"⌛ Building environment","timeElapsed":443,"timestamp":"2026-05-27T00:44:54.473Z"}
{"level":"info","message":"⌛ Building environment","timeElapsed":145,"timestamp":"2026-05-27T00:44:54.628Z"}
{"level":"info","message":"⌛ Validating src/carreras.wlk","timeElapsed":166,"timestamp":"2026-05-27T00:44:54.795Z"}
{"level":"info","message":"⌛ Validating src/carreras.wlk","timeElapsed":135,"timestamp":"2026-05-27T00:44:54.942Z"}
{"level":"info","message":"⌛ Building environment","timeElapsed":430,"timestamp":"2026-05-27T00:44:55.870Z"}
{"level":"info","message":"⌛ Validating src/carreras.wlk","timeElapsed":176,"timestamp":"2026-05-27T00:44:56.051Z"}
{"level":"info","message":"⌛ Building environment","timeElapsed":562,"timestamp":"2026-05-27T00:45:01.649Z"}
{"level":"info","message":"⌛ Validating src/carreras.wlk","timeElapsed":187,"timestamp":"2026-05-27T00:45:01.852Z"}
{"level":"info","message":"⌛ Building environment","timeElapsed":483,"timestamp":"2026-05-27T00:45:03.356Z"}
{"level":"info","message":"⌛ Validating src/carreras.wlk","timeElapsed":154,"timestamp":"2026-05-27T00:45:03.527Z"}
{"level":"info","message":"⌛ Building environment","timeElapsed":379,"timestamp":"2026-05-27T00:45:04.320Z"}
{"level":"info","message":"⌛ Validating src/carreras.wlk","timeElapsed":160,"timestamp":"2026-05-27T00:45:04.574Z"}
{"level":"info","message":"⌛ Building environment","timeElapsed":465,"timestamp":"2026-05-27T00:45:11.966Z"}
{"level":"info","message":"⌛ Validating src/carreras.wlk","timeElapsed":163,"timestamp":"2026-05-27T00:45:12.135Z"}
{"level":"info","message":"⌛ Building environment","timeElapsed":386,"timestamp":"2026-05-27T00:45:12.573Z"}
{"level":"info","message":"⌛ Validating src/carreras.wlk","timeElapsed":149,"timestamp":"2026-05-27T00:45:12.743Z"}
{"level":"info","message":"⌛ Building environment","timeElapsed":381,"timestamp":"2026-05-27T00:45:15.443Z"}
{"level":"info","message":"⌛ Validating src/carreras.wlk","timeElapsed":151,"timestamp":"2026-05-27T00:45:15.608Z"}
{"level":"info","message":"⌛ Building environment","timeElapsed":425,"timestamp":"2026-05-27T00:45:16.963Z"}
{"level":"info","message":"⌛ Validating src/carreras.wlk","timeElapsed":227,"timestamp":"2026-05-27T00:45:17.230Z"}
{"level":"info","message":"⌛ Building environment","timeElapsed":422,"timestamp":"2026-05-27T00:45:23.207Z"}
{"level":"info","message":"⌛ Validating src/carreras.wlk","timeElapsed":154,"timestamp":"2026-05-27T00:45:23.391Z"}
{"level":"info","message":"⌛ Building environment","timeElapsed":398,"timestamp":"2026-05-27T00:45:24.874Z"}
{"level":"info","message":"⌛ Validating src/carreras.wlk","timeElapsed":197,"timestamp":"2026-05-27T00:45:25.106Z"}
{"level":"info","message":"⌛ Building environment","timeElapsed":243,"timestamp":"2026-05-27T00:45:29.461Z"}
{"level":"info","message":"⌛ Validating src/carreras.wlk","timeElapsed":180,"timestamp":"2026-05-27T00:45:29.643Z"}
{"level":"info","message":"⌛ Building environment","timeElapsed":492,"timestamp":"2026-05-27T00:45:38.816Z"}
{"level":"info","message":"⌛ Validating src/carreras.wlk","timeElapsed":159,"timestamp":"2026-05-27T00:45:38.996Z"}
{"level":"info","message":"⌛ Building environment","timeElapsed":431,"timestamp":"2026-05-27T00:45:42.860Z"}
{"level":"info","message":"⌛ Building environment","timeElapsed":262,"timestamp":"2026-05-27T00:45:43.123Z"}
{"level":"info","message":"⌛ Validating src/carreras.wlk","timeElapsed":170,"timestamp":"2026-05-27T00:45:43.294Z"}
{"level":"info","message":"⌛ Validating src/carreras.wlk","timeElapsed":125,"timestamp":"2026-05-27T00:45:43.425Z"}
{"level":"info","message":"⌛ Building environment","timeElapsed":495,"timestamp":"2026-05-27T00:45:44.133Z"}
{"level":"info","message":"⌛ Validating src/carreras.wlk","timeElapsed":158,"timestamp":"2026-05-27T00:45:44.298Z"}
{"level":"info","message":"⌛ Building environment","timeElapsed":192,"timestamp":"2026-05-27T00:45:56.758Z"}
{"level":"info","message":"⌛ Validating src/carreras.wlk","timeElapsed":180,"timestamp":"2026-05-27T00:45:56.988Z"}
{"level":"info","message":"⌛ Building environment","timeElapsed":444,"timestamp":"2026-05-27T00:46:02.477Z"}
{"level":"info","message":"⌛ Building environment","timeElapsed":172,"timestamp":"2026-05-27T00:46:02.663Z"}
{"level":"info","message":"⌛ Building environment","timeElapsed":304,"timestamp":"2026-05-27T00:46:02.967Z"}
{"level":"info","message":"⌛ Building environment","timeElapsed":219,"timestamp":"2026-05-27T00:46:03.212Z"}
{"level":"info","message":"⌛ Validating src/carreras.wlk","timeElapsed":261,"timestamp":"2026-05-27T00:46:03.474Z"}
{"level":"info","message":"⌛ Building environment","timeElapsed":144,"timestamp":"2026-05-27T00:46:03.620Z"}
{"level":"info","message":"⌛ Validating src/carreras.wlk","timeElapsed":149,"timestamp":"2026-05-27T00:46:03.770Z"}
{"level":"info","message":"⌛ Building environment","timeElapsed":120,"timestamp":"2026-05-27T00:46:03.891Z"}
{"level":"info","message":"⌛ Building environment","timeElapsed":142,"timestamp":"2026-05-27T00:46:04.034Z"}
{"level":"info","message":"⌛ Building environment","timeElapsed":215,"timestamp":"2026-05-27T00:46:04.250Z"}
{"level":"info","message":"⌛ Validating src/carreras.wlk","timeElapsed":162,"timestamp":"2026-05-27T00:46:04.413Z"}
{"level":"info","message":"⌛ Building environment","timeElapsed":144,"timestamp":"2026-05-27T00:46:04.557Z"}
{"level":"info","message":"⌛ Building environment","timeElapsed":185,"timestamp":"2026-05-27T00:46:04.744Z"}
{"level":"info","message":"⌛ Building environment","timeElapsed":178,"timestamp":"2026-05-27T00:46:04.922Z"}
{"level":"info","message":"⌛ Building environment","timeElapsed":131,"timestamp":"2026-05-27T00:46:05.054Z"}
{"level":"info","message":"⌛ Validating src/carreras.wlk","timeElapsed":161,"timestamp":"2026-05-27T00:46:05.216Z"}
{"level":"info","message":"⌛ Building environment","timeElapsed":128,"timestamp":"2026-05-27T00:46:05.346Z"}
{"level":"info","message":"⌛ Building environment","timeElapsed":141,"timestamp":"2026-05-27T00:46:05.487Z"}
{"level":"info","message":"⌛ Validating src/carreras.wlk","timeElapsed":154,"timestamp":"2026-05-27T00:46:05.642Z"}
{"level":"info","message":"⌛ Validating src/carreras.wlk","timeElapsed":130,"timestamp":"2026-05-27T00:46:05.785Z"}
{"level":"info","message":"⌛ Building environment","timeElapsed":119,"timestamp":"2026-05-27T00:46:05.905Z"}
{"level":"info","message":"⌛ Validating src/carreras.wlk","timeElapsed":143,"timestamp":"2026-05-27T00:46:06.049Z"}
{"level":"info","message":"⌛ Validating src/carreras.wlk","timeElapsed":139,"timestamp":"2026-05-27T00:46:06.188Z"}
{"level":"info","message":"⌛ Building environment","timeElapsed":135,"timestamp":"2026-05-27T00:46:06.335Z"}
{"level":"info","message":"⌛ Building environment","timeElapsed":119,"timestamp":"2026-05-27T00:46:06.455Z"}
{"level":"info","message":"⌛ Validating src/carreras.wlk","timeElapsed":141,"timestamp":"2026-05-27T00:46:06.609Z"}
{"level":"info","message":"⌛ Building environment","timeElapsed":126,"timestamp":"2026-05-27T00:46:06.736Z"}
{"level":"info","message":"⌛ Building environment","timeElapsed":142,"timestamp":"2026-05-27T00:46:06.879Z"}
{"level":"info","message":"⌛ Building environment","timeElapsed":136,"timestamp":"2026-05-27T00:46:07.017Z"}
{"level":"info","message":"⌛ Building environment","timeElapsed":146,"timestamp":"2026-05-27T00:46:07.164Z"}
{"level":"info","message":"⌛ Building environment","timeElapsed":136,"timestamp":"2026-05-27T00:46:07.316Z"}
{"level":"info","message":"⌛ Building environment","timeElapsed":692,"timestamp":"2026-05-27T00:46:08.011Z"}
{"level":"info","message":"⌛ Validating src/carreras.wlk","timeElapsed":253,"timestamp":"2026-05-27T00:46:08.286Z"}
{"level":"info","message":"⌛ Building environment","timeElapsed":159,"timestamp":"2026-05-27T00:46:08.447Z"}
{"level":"info","message":"⌛ Validating src/carreras.wlk","timeElapsed":165,"timestamp":"2026-05-27T00:46:08.613Z"}
{"level":"info","message":"⌛ Validating src/carreras.wlk","timeElapsed":150,"timestamp":"2026-05-27T00:46:08.762Z"}
{"level":"info","message":"⌛ Building environment","timeElapsed":140,"timestamp":"2026-05-27T00:46:08.903Z"}
{"level":"info","message":"⌛ Building environment","timeElapsed":125,"timestamp":"2026-05-27T00:46:09.043Z"}
{"level":"info","message":"⌛ Validating src/carreras.wlk","timeElapsed":158,"timestamp":"2026-05-27T00:46:09.203Z"}
{"level":"info","message":"⌛ Building environment","timeElapsed":140,"timestamp":"2026-05-27T00:46:09.343Z"}
{"level":"info","message":"⌛ Validating src/carreras.wlk","timeElapsed":173,"timestamp":"2026-05-27T00:46:09.517Z"}
{"level":"info","message":"⌛ Validating src/carreras.wlk","timeElapsed":142,"timestamp":"2026-05-27T00:46:09.671Z"}
{"level":"info","message":"⌛ Building environment","timeElapsed":155,"timestamp":"2026-05-27T00:46:09.827Z"}
{"level":"info","message":"⌛ Building environment","timeElapsed":129,"timestamp":"2026-05-27T00:46:09.957Z"}
{"level":"info","message":"⌛ Validating src/carreras.wlk","timeElapsed":196,"timestamp":"2026-05-27T00:46:10.162Z"}
{"level":"info","message":"⌛ Validating src/carreras.wlk","timeElapsed":119,"timestamp":"2026-05-27T00:46:10.288Z"}
{"level":"info","message":"⌛ Building environment","timeElapsed":140,"timestamp":"2026-05-27T00:46:10.429Z"}
{"level":"info","message":"⌛ Validating src/carreras.wlk","timeElapsed":171,"timestamp":"2026-05-27T00:46:10.604Z"}
{"level":"info","message":"⌛ Building environment","timeElapsed":125,"timestamp":"2026-05-27T00:46:10.729Z"}
{"level":"info","message":"⌛ Validating src/carreras.wlk","timeElapsed":144,"timestamp":"2026-05-27T00:46:10.884Z"}
{"level":"info","message":"⌛ Building environment","timeElapsed":185,"timestamp":"2026-05-27T00:46:11.069Z"}
{"level":"info","message":"⌛ Validating src/carreras.wlk","timeElapsed":166,"timestamp":"2026-05-27T00:46:11.235Z"}
{"level":"info","message":"⌛ Building environment","timeElapsed":142,"timestamp":"2026-05-27T00:46:11.377Z"}
{"level":"info","message":"⌛ Validating src/carreras.wlk","timeElapsed":246,"timestamp":"2026-05-27T00:46:11.624Z"}
{"level":"info","message":"⌛ Building environment","timeElapsed":198,"timestamp":"2026-05-27T00:46:11.823Z"}
{"level":"info","message":"⌛ Validating src/carreras.wlk","timeElapsed":180,"timestamp":"2026-05-27T00:46:12.004Z"}
{"level":"info","message":"⌛ Building environment","timeElapsed":133,"timestamp":"2026-05-27T00:46:12.136Z"}
{"level":"info","message":"⌛ Building environment","timeElapsed":156,"timestamp":"2026-05-27T00:46:12.293Z"}
{"level":"info","message":"⌛ Building environment","timeElapsed":172,"timestamp":"2026-05-27T00:46:12.482Z"}
{"level":"info","message":"⌛ Building environment","timeElapsed":179,"timestamp":"2026-05-27T00:46:12.676Z"}
{"level":"info","message":"⌛ Building environment","timeElapsed":180,"timestamp":"2026-05-27T00:46:12.857Z"}
{"level":"info","message":"⌛ Building environment","timeElapsed":142,"timestamp":"2026-05-27T00:46:13.001Z"}
{"level":"info","message":"⌛ Building environment","timeElapsed":130,"timestamp":"2026-05-27T00:46:13.131Z"}
{"level":"info","message":"⌛ Building environment","timeElapsed":142,"timestamp":"2026-05-27T00:46:13.273Z"}
{"level":"info","message":"⌛ Building environment","timeElapsed":130,"timestamp":"2026-05-27T00:46:13.415Z"}
{"level":"info","message":"⌛ Validating src/carreras.wlk","timeElapsed":158,"timestamp":"2026-05-27T00:46:13.573Z"}
{"level":"info","message":"⌛ Building environment","timeElapsed":133,"timestamp":"2026-05-27T00:46:13.707Z"}
{"level":"info","message":"⌛ Building environment","timeElapsed":189,"timestamp":"2026-05-27T00:46:13.897Z"}
{"level":"info","message":"⌛ Building environment","timeElapsed":139,"timestamp":"2026-05-27T00:46:14.037Z"}
{"level":"info","message":"⌛ Validating src/carreras.wlk","timeElapsed":138,"timestamp":"2026-05-27T00:46:14.193Z"}
{"level":"info","message":"⌛ Building environment","timeElapsed":149,"timestamp":"2026-05-27T00:46:14.343Z"}
{"level":"info","message":"⌛ Building environment","timeElapsed":116,"timestamp":"2026-05-27T00:46:14.459Z"}
{"level":"info","message":"⌛ Validating src/carreras.wlk","timeElapsed":127,"timestamp":"2026-05-27T00:46:14.598Z"}
{"level":"info","message":"⌛ Validating src/carreras.wlk","timeElapsed":139,"timestamp":"2026-05-27T00:46:14.744Z"}
{"level":"info","message":"⌛ Building environment","timeElapsed":229,"timestamp":"2026-05-27T00:46:14.974Z"}
{"level":"info","message":"⌛ Building environment","timeElapsed":155,"timestamp":"2026-05-27T00:46:15.131Z"}
{"level":"info","message":"⌛ Validating src/carreras.wlk","timeElapsed":173,"timestamp":"2026-05-27T00:46:15.305Z"}
{"level":"info","message":"⌛ Building environment","timeElapsed":159,"timestamp":"2026-05-27T00:46:15.465Z"}
{"level":"info","message":"⌛ Building environment","timeElapsed":445,"timestamp":"2026-05-27T00:46:15.911Z"}
{"level":"info","message":"⌛ Validating src/carreras.wlk","timeElapsed":121,"timestamp":"2026-05-27T00:46:16.039Z"}
{"level":"info","message":"⌛ Validating src/carreras.wlk","timeElapsed":118,"timestamp":"2026-05-27T00:46:16.164Z"}
{"level":"info","message":"⌛ Building environment","timeElapsed":278,"timestamp":"2026-05-27T00:46:16.443Z"}
{"level":"info","message":"⌛ Validating src/carreras.wlk","timeElapsed":127,"timestamp":"2026-05-27T00:46:16.570Z"}
{"level":"info","message":"⌛ Building environment","timeElapsed":142,"timestamp":"2026-05-27T00:46:16.713Z"}
{"level":"info","message":"⌛ Validating src/carreras.wlk","timeElapsed":132,"timestamp":"2026-05-27T00:46:16.846Z"}
{"level":"info","message":"⌛ Building environment","timeElapsed":149,"timestamp":"2026-05-27T00:46:16.994Z"}
{"level":"info","message":"⌛ Building environment","timeElapsed":236,"timestamp":"2026-05-27T00:46:17.240Z"}
{"level":"info","message":"⌛ Building environment","timeElapsed":179,"timestamp":"2026-05-27T00:46:17.420Z"}
{"level":"info","message":"⌛ Building environment","timeElapsed":120,"timestamp":"2026-05-27T00:46:17.555Z"}
{"level":"info","message":"⌛ Validating src/carreras.wlk","timeElapsed":143,"timestamp":"2026-05-27T00:46:17.699Z"}
{"level":"info","message":"⌛ Building environment","timeElapsed":152,"timestamp":"2026-05-27T00:46:17.852Z"}
{"level":"info","message":"⌛ Building environment","timeElapsed":117,"timestamp":"2026-05-27T00:46:17.970Z"}
{"level":"info","message":"⌛ Building environment","timeElapsed":135,"timestamp":"2026-05-27T00:46:18.105Z"}
{"level":"info","message":"⌛ Validating src/carreras.wlk","timeElapsed":120,"timestamp":"2026-05-27T00:46:18.226Z"}
{"level":"info","message":"⌛ Building environment","timeElapsed":117,"timestamp":"2026-05-27T00:46:18.344Z"}
{"level":"info","message":"⌛ Building environment","timeElapsed":112,"timestamp":"2026-05-27T00:46:18.456Z"}
{"level":"info","message":"⌛ Building environment","timeElapsed":166,"timestamp":"2026-05-27T00:46:18.635Z"}
{"level":"info","message":"⌛ Building environment","timeElapsed":200,"timestamp":"2026-05-27T00:46:18.836Z"}
{"level":"info","message":"⌛ Building environment","timeElapsed":147,"timestamp":"2026-05-27T00:46:18.983Z"}
{"level":"info","message":"⌛ Validating src/carreras.wlk","timeElapsed":134,"timestamp":"2026-05-27T00:46:19.117Z"}
{"level":"info","message":"⌛ Building environment","timeElapsed":119,"timestamp":"2026-05-27T00:46:19.236Z"}
{"level":"info","message":"⌛ Building environment","timeElapsed":119,"timestamp":"2026-05-27T00:46:19.362Z"}
{"level":"info","message":"⌛ Validating src/carreras.wlk","timeElapsed":120,"timestamp":"2026-05-27T00:46:19.482Z"}
{"level":"info","message":"⌛ Building environment","timeElapsed":128,"timestamp":"2026-05-27T00:46:19.610Z"}
{"level":"info","message":"⌛ Building environment","timeElapsed":128,"timestamp":"2026-05-27T00:46:19.739Z"}
{"level":"info","message":"⌛ Validating src/carreras.wlk","timeElapsed":133,"timestamp":"2026-05-27T00:46:19.873Z"}
{"level":"info","message":"⌛ Building environment","timeElapsed":122,"timestamp":"2026-05-27T00:46:19.997Z"}
{"level":"info","message":"⌛ Building environment","timeElapsed":122,"timestamp":"2026-05-27T00:46:20.120Z"}
{"level":"info","message":"⌛ Validating src/carreras.wlk","timeElapsed":122,"timestamp":"2026-05-27T00:46:20.242Z"}
{"level":"info","message":"⌛ Building environment","timeElapsed":106,"timestamp":"2026-05-27T00:46:20.348Z"}
{"level":"info","message":"⌛ Building environment","timeElapsed":184,"timestamp":"2026-05-27T00:46:20.533Z"}
{"level":"info","message":"⌛ Building environment","timeElapsed":164,"timestamp":"2026-05-27T00:46:20.698Z"}
{"level":"info","message":"⌛ Validating src/carreras.wlk","timeElapsed":117,"timestamp":"2026-05-27T00:46:20.829Z"}
{"level":"info","message":"⌛ Building environment","timeElapsed":136,"timestamp":"2026-05-27T00:46:20.966Z"}
{"level":"info","message":"⌛ Validating src/carreras.wlk","timeElapsed":136,"timestamp":"2026-05-27T00:46:21.103Z"}
{"level":"info","message":"⌛ Validating src/carreras.wlk","timeElapsed":122,"timestamp":"2026-05-27T00:46:21.225Z"}
{"level":"info","message":"⌛ Validating src/carreras.wlk","timeElapsed":133,"timestamp":"2026-05-27T00:46:21.367Z"}
{"level":"info","message":"⌛ Building environment","timeElapsed":235,"timestamp":"2026-05-27T00:46:21.603Z"}
{"level":"info","message":"⌛ Validating src/carreras.wlk","timeElapsed":125,"timestamp":"2026-05-27T00:46:21.728Z"}
{"level":"info","message":"⌛ Building environment","timeElapsed":136,"timestamp":"2026-05-27T00:46:21.865Z"}
{"level":"info","message":"⌛ Validating src/carreras.wlk","timeElapsed":142,"timestamp":"2026-05-27T00:46:22.007Z"}
{"level":"info","message":"⌛ Building environment","timeElapsed":142,"timestamp":"2026-05-27T00:46:22.150Z"}
{"level":"info","message":"⌛ Building environment","timeElapsed":117,"timestamp":"2026-05-27T00:46:22.267Z"}
{"level":"info","message":"⌛ Validating src/carreras.wlk","timeElapsed":120,"timestamp":"2026-05-27T00:46:22.387Z"}
{"level":"info","message":"⌛ Building environment","timeElapsed":146,"timestamp":"2026-05-27T00:46:22.534Z"}
{"level":"info","message":"⌛ Validating src/carreras.wlk","timeElapsed":129,"timestamp":"2026-05-27T00:46:22.663Z"}
{"level":"info","message":"⌛ Building environment","timeElapsed":148,"timestamp":"2026-05-27T00:46:22.813Z"}
{"level":"info","message":"⌛ Validating src/carreras.wlk","timeElapsed":123,"timestamp":"2026-05-27T00:46:22.937Z"}
{"level":"info","message":"⌛ Validating src/carreras.wlk","timeElapsed":133,"timestamp":"2026-05-27T00:46:23.074Z"}
{"level":"info","message":"⌛ Validating src/carreras.wlk","timeElapsed":122,"timestamp":"2026-05-27T00:46:23.203Z"}
{"level":"info","message":"⌛ Building environment","timeElapsed":136,"timestamp":"2026-05-27T00:46:23.339Z"}
{"level":"info","message":"⌛ Building environment","timeElapsed":116,"timestamp":"2026-05-27T00:46:23.455Z"}
{"level":"info","message":"⌛ Building environment","timeElapsed":128,"timestamp":"2026-05-27T00:46:23.584Z"}
{"level":"info","message":"⌛ Validating src/carreras.wlk","timeElapsed":130,"timestamp":"2026-05-27T00:46:23.715Z"}
{"level":"info","message":"⌛ Building environment","timeElapsed":120,"timestamp":"2026-05-27T00:46:23.835Z"}
{"level":"info","message":"⌛ Validating src/carreras.wlk","timeElapsed":121,"timestamp":"2026-05-27T00:46:23.964Z"}
{"level":"info","message":"⌛ Building environment","timeElapsed":141,"timestamp":"2026-05-27T00:46:24.106Z"}
{"level":"info","message":"⌛ Building environment","timeElapsed":120,"timestamp":"2026-05-27T00:46:24.227Z"}
{"level":"info","message":"⌛ Building environment","timeElapsed":119,"timestamp":"2026-05-27T00:46:24.347Z"}
{"level":"info","message":"⌛ Building environment","timeElapsed":121,"timestamp":"2026-05-27T00:46:24.467Z"}
{"level":"info","message":"⌛ Validating src/carreras.wlk","timeElapsed":134,"timestamp":"2026-05-27T00:46:24.613Z"}
{"level":"info","message":"⌛ Validating src/carreras.wlk","timeElapsed":121,"timestamp":"2026-05-27T00:46:24.744Z"}
{"level":"info","message":"⌛ Validating src/carreras.wlk","timeElapsed":121,"timestamp":"2026-05-27T00:46:24.871Z"}
{"level":"info","message":"⌛ Building environment","timeElapsed":130,"timestamp":"2026-05-27T00:46:25.002Z"}
{"level":"info","message":"⌛ Validating src/carreras.wlk","timeElapsed":232,"timestamp":"2026-05-27T00:46:25.233Z"}
{"level":"info","message":"⌛ Building environment","timeElapsed":116,"timestamp":"2026-05-27T00:46:25.354Z"}
{"level":"info","message":"⌛ Validating src/carreras.wlk","timeElapsed":127,"timestamp":"2026-05-27T00:46:25.480Z"}
{"level":"info","message":"⌛ Building environment","timeElapsed":122,"timestamp":"2026-05-27T00:46:25.607Z"}
{"level":"info","message":"⌛ Validating src/carreras.wlk","timeElapsed":135,"timestamp":"2026-05-27T00:46:25.750Z"}
{"level":"info","message":"⌛ Validating src/carreras.wlk","timeElapsed":112,"timestamp":"2026-05-27T00:46:25.872Z"}
{"level":"info","message":"⌛ Building environment","timeElapsed":177,"timestamp":"2026-05-27T00:46:26.049Z"}
{"level":"info","message":"⌛ Validating src/carreras.wlk","timeElapsed":128,"timestamp":"2026-05-27T00:46:26.178Z"}
{"level":"info","message":"⌛ Validating src/carreras.wlk","timeElapsed":122,"timestamp":"2026-05-27T00:46:26.305Z"}
{"level":"info","message":"⌛ Validating src/carreras.wlk","timeElapsed":116,"timestamp":"2026-05-27T00:46:26.428Z"}
{"level":"info","message":"⌛ Validating src/carreras.wlk","timeElapsed":128,"timestamp":"2026-05-27T00:46:26.555Z"}
{"level":"info","message":"⌛ Validating src/carreras.wlk","timeElapsed":124,"timestamp":"2026-05-27T00:46:26.680Z"}
{"level":"info","message":"⌛ Validating src/carreras.wlk","timeElapsed":124,"timestamp":"2026-05-27T00:46:26.804Z"}
{"level":"info","message":"⌛ Building environment","timeElapsed":124,"timestamp":"2026-05-27T00:46:26.935Z"}
{"level":"info","message":"⌛ Validating src/carreras.wlk","timeElapsed":119,"timestamp":"2026-05-27T00:46:27.054Z"}
{"level":"info","message":"⌛ Validating src/carreras.wlk","timeElapsed":106,"timestamp":"2026-05-27T00:46:27.174Z"}
{"level":"info","message":"⌛ Validating src/carreras.wlk","timeElapsed":127,"timestamp":"2026-05-27T00:46:27.303Z"}
{"level":"info","message":"⌛ Validating src/carreras.wlk","timeElapsed":112,"timestamp":"2026-05-27T00:46:27.416Z"}
{"level":"info","message":"⌛ Validating src/carreras.wlk","timeElapsed":120,"timestamp":"2026-05-27T00:46:27.536Z"}
{"level":"info","message":"⌛ Validating src/carreras.wlk","timeElapsed":109,"timestamp":"2026-05-27T00:46:27.651Z"}
{"level":"info","message":"⌛ Validating src/carreras.wlk","timeElapsed":121,"timestamp":"2026-05-27T00:46:27.778Z"}
{"level":"info","message":"⌛ Validating src/carreras.wlk","timeElapsed":112,"timestamp":"2026-05-27T00:46:27.889Z"}
{"level":"info","message":"⌛ Validating src/carreras.wlk","timeElapsed":119,"timestamp":"2026-05-27T00:46:28.009Z"}
{"level":"info","message":"⌛ Validating src/carreras.wlk","timeElapsed":110,"timestamp":"2026-05-27T00:46:28.124Z"}
{"level":"info","message":"⌛ Validating src/carreras.wlk","timeElapsed":120,"timestamp":"2026-05-27T00:46:28.251Z"}
{"level":"info","message":"⌛ Validating src/carreras.wlk","timeElapsed":124,"timestamp":"2026-05-27T00:46:28.374Z"}
{"level":"info","message":"⌛ Validating src/carreras.wlk","timeElapsed":110,"timestamp":"2026-05-27T00:46:28.485Z"}
{"level":"info","message":"⌛ Validating src/carreras.wlk","timeElapsed":112,"timestamp":"2026-05-27T00:46:28.601Z"}
{"level":"info","message":"⌛ Validating src/carreras.wlk","timeElapsed":117,"timestamp":"2026-05-27T00:46:28.724Z"}
{"level":"info","message":"⌛ Validating src/carreras.wlk","timeElapsed":113,"timestamp":"2026-05-27T00:46:28.843Z"}
{"level":"info","message":"⌛ Validating src/carreras.wlk","timeElapsed":128,"timestamp":"2026-05-27T00:46:28.976Z"}
{"level":"info","message":"⌛ Validating src/carreras.wlk","timeElapsed":126,"timestamp":"2026-05-27T00:46:29.104Z"}
{"level":"info","message":"⌛ Validating src/carreras.wlk","timeElapsed":110,"timestamp":"2026-05-27T00:46:29.225Z"}
{"level":"info","message":"⌛ Validating src/carreras.wlk","timeElapsed":119,"timestamp":"2026-05-27T00:46:29.350Z"}
{"level":"info","message":"⌛ Validating src/carreras.wlk","timeElapsed":120,"timestamp":"2026-05-27T00:46:29.476Z"}
{"level":"info","message":"⌛ Validating src/carreras.wlk","timeElapsed":110,"timestamp":"2026-05-27T00:46:29.586Z"}
{"level":"info","message":"⌛ Validating src/carreras.wlk","timeElapsed":112,"timestamp":"2026-05-27T00:46:29.698Z"}
{"level":"info","message":"⌛ Validating src/carreras.wlk","timeElapsed":119,"timestamp":"2026-05-27T00:46:29.817Z"}
{"level":"info","message":"⌛ Validating src/carreras.wlk","timeElapsed":120,"timestamp":"2026-05-27T00:46:29.945Z"}
{"level":"info","message":"⌛ Validating src/carreras.wlk","timeElapsed":113,"timestamp":"2026-05-27T00:46:30.057Z"}
{"level":"info","message":"⌛ Validating src/carreras.wlk","timeElapsed":117,"timestamp":"2026-05-27T00:46:30.174Z"}
{"level":"info","message":"⌛ Validating src/carreras.wlk","timeElapsed":127,"timestamp":"2026-05-27T00:46:30.302Z"}
{"level":"info","message":"⌛ Validating src/carreras.wlk","timeElapsed":112,"timestamp":"2026-05-27T00:46:30.421Z"}
{"level":"info","message":"⌛ Validating src/carreras.wlk","timeElapsed":123,"timestamp":"2026-05-27T00:46:30.545Z"}
{"level":"info","message":"⌛ Validating src/carreras.wlk","timeElapsed":112,"timestamp":"2026-05-27T00:46:30.663Z"}
{"level":"info","message":"⌛ Validating src/carreras.wlk","timeElapsed":109,"timestamp":"2026-05-27T00:46:30.777Z"}
{"level":"info","message":"⌛ Building environment","timeElapsed":321,"timestamp":"2026-05-27T00:51:06.798Z"}
{"level":"info","message":"⌛ Validating src/carreras.wlk","timeElapsed":174,"timestamp":"2026-05-27T00:51:07.073Z"}
{"level":"info","message":"⌛ Building environment","timeElapsed":547,"timestamp":"2026-05-27T00:51:09.816Z"}
{"level":"info","message":"⌛ Building environment","timeElapsed":196,"timestamp":"2026-05-27T00:51:10.017Z"}
{"level":"info","message":"⌛ Building environment","timeElapsed":266,"timestamp":"2026-05-27T00:51:10.285Z"}
{"level":"info","message":"⌛ Validating src/carreras.wlk","timeElapsed":184,"timestamp":"2026-05-27T00:51:10.475Z"}
{"level":"info","message":"⌛ Validating src/carreras.wlk","timeElapsed":141,"timestamp":"2026-05-27T00:51:10.636Z"}
{"level":"info","message":"⌛ Building environment","timeElapsed":121,"timestamp":"2026-05-27T00:51:10.757Z"}
{"level":"info","message":"⌛ Validating src/carreras.wlk","timeElapsed":146,"timestamp":"2026-05-27T00:51:10.912Z"}
{"level":"info","message":"⌛ Validating src/carreras.wlk","timeElapsed":125,"timestamp":"2026-05-27T00:51:11.136Z"}
{"level":"info","message":"⌛ Building environment","timeElapsed":172,"timestamp":"2026-05-27T00:51:11.317Z"}
{"level":"info","message":"⌛ Validating src/carreras.wlk","timeElapsed":173,"timestamp":"2026-05-27T00:51:11.506Z"}
{"level":"info","message":"⌛ Building environment","timeElapsed":175,"timestamp":"2026-05-27T00:51:11.684Z"}
{"level":"info","message":"⌛ Validating src/carreras.wlk","timeElapsed":124,"timestamp":"2026-05-27T00:51:11.838Z"}
{"level":"info","message":"⌛ Building environment","timeElapsed":430,"timestamp":"2026-05-27T00:51:27.509Z"}
{"level":"info","message":"⌛ Building environment","timeElapsed":221,"timestamp":"2026-05-27T00:51:27.731Z"}
{"level":"info","message":"⌛ Building environment","timeElapsed":147,"timestamp":"2026-05-27T00:51:27.879Z"}
{"level":"info","message":"⌛ Autocomplete - Reference","timeElapsed":105,"timestamp":"2026-05-27T00:51:27.997Z"}
{"level":"info","message":"⌛ Building environment","timeElapsed":145,"timestamp":"2026-05-27T00:51:28.142Z"}
{"level":"info","message":"⌛ Validating src/carreras.wlk","timeElapsed":134,"timestamp":"2026-05-27T00:51:28.276Z"}
{"level":"info","message":"⌛ Building environment","timeElapsed":114,"timestamp":"2026-05-27T00:51:28.389Z"}
{"level":"info","message":"⌛ Building environment","timeElapsed":129,"timestamp":"2026-05-27T00:51:28.519Z"}
{"level":"info","message":"⌛ Validating src/carreras.wlk","timeElapsed":161,"timestamp":"2026-05-27T00:51:28.680Z"}
{"level":"info","message":"⌛ Validating src/carreras.wlk","timeElapsed":187,"timestamp":"2026-05-27T00:51:28.867Z"}
{"level":"info","message":"⌛ Validating src/carreras.wlk","timeElapsed":158,"timestamp":"2026-05-27T00:51:29.032Z"}
{"level":"info","message":"⌛ Validating src/carreras.wlk","timeElapsed":176,"timestamp":"2026-05-27T00:51:29.210Z"}
{"level":"info","message":"⌛ Validating src/carreras.wlk","timeElapsed":253,"timestamp":"2026-05-27T00:51:29.464Z"}
{"level":"info","message":"⌛ Building environment","timeElapsed":169,"timestamp":"2026-05-27T00:51:29.633Z"}
{"level":"info","message":"⌛ Building environment","timeElapsed":129,"timestamp":"2026-05-27T00:51:29.767Z"}
{"level":"info","message":"⌛ Validating src/carreras.wlk","timeElapsed":137,"timestamp":"2026-05-27T00:51:29.911Z"}
{"level":"info","message":"⌛ Validating src/carreras.wlk","timeElapsed":154,"timestamp":"2026-05-27T00:51:30.067Z"}
{"level":"info","message":"⌛ Building environment","timeElapsed":152,"timestamp":"2026-05-27T00:51:30.220Z"}
{"level":"info","message":"⌛ Validating src/carreras.wlk","timeElapsed":152,"timestamp":"2026-05-27T00:51:30.373Z"}
{"level":"info","message":"⌛ Building environment","timeElapsed":404,"timestamp":"2026-05-27T00:51:31.578Z"}
{"level":"info","message":"⌛ Validating src/carreras.wlk","timeElapsed":159,"timestamp":"2026-05-27T00:51:31.747Z"}
{"level":"info","message":"⌛ Building environment","timeElapsed":374,"timestamp":"2026-05-27T00:51:38.045Z"}
{"level":"info","message":"⌛ Validating src/carreras.wlk","timeElapsed":140,"timestamp":"2026-05-27T00:51:38.199Z"}
{"level":"info","message":"⌛ Building environment","timeElapsed":398,"timestamp":"2026-05-27T00:51:57.680Z"}
{"level":"info","message":"⌛ Validating src/carreras.wlk","timeElapsed":169,"timestamp":"2026-05-27T00:51:57.866Z"}
{"level":"info","message":"⌛ Building environment","timeElapsed":314,"timestamp":"2026-05-27T00:51:59.647Z"}
{"level":"info","message":"⌛ Validating src/carreras.wlk","timeElapsed":156,"timestamp":"2026-05-27T00:51:59.850Z"}
{"level":"info","message":"⌛ Building environment","timeElapsed":197,"timestamp":"2026-05-27T00:52:00.104Z"}
{"level":"info","message":"⌛ Validating src/carreras.wlk","timeElapsed":176,"timestamp":"2026-05-27T00:52:00.281Z"}
{"level":"info","message":"⌛ Building environment","timeElapsed":152,"timestamp":"2026-05-27T00:52:00.448Z"}
{"level":"info","message":"⌛ Validating src/carreras.wlk","timeElapsed":195,"timestamp":"2026-05-27T00:52:00.643Z"}
{"level":"info","message":"⌛ Building environment","timeElapsed":124,"timestamp":"2026-05-27T00:52:00.780Z"}
{"level":"info","message":"⌛ Validating src/carreras.wlk","timeElapsed":178,"timestamp":"2026-05-27T00:52:00.971Z"}
{"level":"info","message":"⌛ Building environment","timeElapsed":123,"timestamp":"2026-05-27T00:52:01.095Z"}
{"level":"info","message":"⌛ Building environment","timeElapsed":144,"timestamp":"2026-05-27T00:52:01.260Z"}
{"level":"info","message":"⌛ Validating src/carreras.wlk","timeElapsed":239,"timestamp":"2026-05-27T00:52:01.500Z"}
{"level":"info","message":"⌛ Validating src/carreras.wlk","timeElapsed":224,"timestamp":"2026-05-27T00:52:01.724Z"}
{"level":"info","message":"⌛ Building environment","timeElapsed":132,"timestamp":"2026-05-27T00:52:01.872Z"}
{"level":"info","message":"⌛ Building environment","timeElapsed":228,"timestamp":"2026-05-27T00:52:02.109Z"}
{"level":"info","message":"⌛ Validating src/carreras.wlk","timeElapsed":142,"timestamp":"2026-05-27T00:52:02.257Z"}
{"level":"info","message":"⌛ Building environment","timeElapsed":163,"timestamp":"2026-05-27T00:52:02.421Z"}
{"level":"info","message":"⌛ Validating src/carreras.wlk","timeElapsed":166,"timestamp":"2026-05-27T00:52:02.587Z"}
{"level":"info","message":"⌛ Validating src/carreras.wlk","timeElapsed":141,"timestamp":"2026-05-27T00:52:02.744Z"}
{"level":"info","message":"⌛ Building environment","timeElapsed":125,"timestamp":"2026-05-27T00:52:02.875Z"}
{"level":"info","message":"⌛ Validating src/carreras.wlk","timeElapsed":146,"timestamp":"2026-05-27T00:52:03.026Z"}
{"level":"info","message":"⌛ Building environment","timeElapsed":327,"timestamp":"2026-05-27T00:52:03.752Z"}
{"level":"info","message":"⌛ Validating src/carreras.wlk","timeElapsed":157,"timestamp":"2026-05-27T00:52:03.929Z"}
{"level":"info","message":"⌛ Building environment","timeElapsed":125,"timestamp":"2026-05-27T00:52:04.054Z"}
{"level":"info","message":"⌛ Validating src/carreras.wlk","timeElapsed":153,"timestamp":"2026-05-27T00:52:04.237Z"}
{"level":"info","message":"⌛ Building environment","timeElapsed":232,"timestamp":"2026-05-27T00:52:05.729Z"}
{"level":"info","message":"⌛ Validating src/carreras.wlk","timeElapsed":172,"timestamp":"2026-05-27T00:52:05.920Z"}
{"level":"info","message":"⌛ Building environment","timeElapsed":421,"timestamp":"2026-05-27T00:52:07.880Z"}
{"level":"info","message":"⌛ Building environment","timeElapsed":167,"timestamp":"2026-05-27T00:52:08.054Z"}
{"level":"info","message":"⌛ Validating src/carreras.wlk","timeElapsed":148,"timestamp":"2026-05-27T00:52:08.202Z"}
{"level":"info","message":"⌛ Validating src/carreras.wlk","timeElapsed":246,"timestamp":"2026-05-27T00:52:08.452Z"}
{"level":"info","message":"⌛ Building environment","timeElapsed":140,"timestamp":"2026-05-27T00:52:08.625Z"}
{"level":"info","message":"⌛ Validating src/carreras.wlk","timeElapsed":161,"timestamp":"2026-05-27T00:52:08.788Z"}
{"level":"error","message":"✘ Failed to rebuild document Failed to parse src/carreras.wlk: \n-- PARSING FAILED --------------------------------------------------\n\n  51 | \n  52 | \n> 53 | }\n     | ^\n  54 | \n  55 | class Carrera {\n\nExpected one of the following: \n\n'@', 'class', 'const', 'describe', 'mixin', 'object', 'only', 'package', 'program', 'test', 'var', '{', EOF, comment, not \"}\n\n\", whitespace\n","stack":"Error: Failed to parse src/carreras.wlk: \n-- PARSING FAILED --------------------------------------------------\n\n  51 | \n  52 | \n> 53 | }\n     | ^\n  54 | \n  55 | class Carrera {\n\nExpected one of the following: \n\n'@', 'class', 'const', 'describe', 'mixin', 'object', 'only', 'package', 'program', 'test', 'var', '{', EOF, comment, not \"}\n\n\", whitespace\n\n    at /home/geronimo/.vscode/extensions/uqbar.wollok-lsp-ide-0.5.4/out/server/src/server.js:2353:13026\n    at Array.map (<anonymous>)\n    at U1n (/home/geronimo/.vscode/extensions/uqbar.wollok-lsp-ide-0.5.4/out/server/src/server.js:2353:12950)\n    at H2.buildEnvironmentFrom (/home/geronimo/.vscode/extensions/uqbar.wollok-lsp-ide-0.5.4/out/server/src/server.js:2398:5254)\n    at H2.updateEnvironmentWith (/home/geronimo/.vscode/extensions/uqbar.wollok-lsp-ide-0.5.4/out/server/src/server.js:2398:4989)\n    at GF (/home/geronimo/.vscode/extensions/uqbar.wollok-lsp-ide-0.5.4/out/server/src/server.js:2398:7383)\n    at V3.invoke (/home/geronimo/.vscode/extensions/uqbar.wollok-lsp-ide-0.5.4/out/server/src/server.js:3:157328)\n    at o.fire (/home/geronimo/.vscode/extensions/uqbar.wollok-lsp-ide-0.5.4/out/server/src/server.js:3:158098)\n    at /home/geronimo/.vscode/extensions/uqbar.wollok-lsp-ide-0.5.4/out/server/src/server.js:37:57871\n    at nd (/home/geronimo/.vscode/extensions/uqbar.wollok-lsp-ide-0.5.4/out/server/src/server.js:8:1561)","timestamp":"2026-05-27T00:52:10.653Z"}
{"level":"error","message":"✘ Failed to rebuild document Failed to parse src/carreras.wlk: \n-- PARSING FAILED --------------------------------------------------\n\n  51 | \n  52 | \n> 53 | }\n     | ^\n  54 | \n  55 | class Carrera {\n\nExpected one of the following: \n\n'@', 'class', 'const', 'describe', 'mixin', 'object', 'only', 'package', 'program', 'test', 'var', '{', EOF, comment, not \"}\n\n\", whitespace\n","stack":"Error: Failed to parse src/carreras.wlk: \n-- PARSING FAILED --------------------------------------------------\n\n  51 | \n  52 | \n> 53 | }\n     | ^\n  54 | \n  55 | class Carrera {\n\nExpected one of the following: \n\n'@', 'class', 'const', 'describe', 'mixin', 'object', 'only', 'package', 'program', 'test', 'var', '{', EOF, comment, not \"}\n\n\", whitespace\n\n    at /home/geronimo/.vscode/extensions/uqbar.wollok-lsp-ide-0.5.4/out/server/src/server.js:2353:13026\n    at Array.map (<anonymous>)\n    at U1n (/home/geronimo/.vscode/extensions/uqbar.wollok-lsp-ide-0.5.4/out/server/src/server.js:2353:12950)\n    at H2.buildEnvironmentFrom (/home/geronimo/.vscode/extensions/uqbar.wollok-lsp-ide-0.5.4/out/server/src/server.js:2398:5254)\n    at H2.updateEnvironmentWith (/home/geronimo/.vscode/extensions/uqbar.wollok-lsp-ide-0.5.4/out/server/src/server.js:2398:4989)\n    at GF (/home/geronimo/.vscode/extensions/uqbar.wollok-lsp-ide-0.5.4/out/server/src/server.js:2398:7383)\n    at V3.invoke (/home/geronimo/.vscode/extensions/uqbar.wollok-lsp-ide-0.5.4/out/server/src/server.js:3:157328)\n    at o.fire (/home/geronimo/.vscode/extensions/uqbar.wollok-lsp-ide-0.5.4/out/server/src/server.js:3:158098)\n    at /home/geronimo/.vscode/extensions/uqbar.wollok-lsp-ide-0.5.4/out/server/src/server.js:37:57871\n    at nd (/home/geronimo/.vscode/extensions/uqbar.wollok-lsp-ide-0.5.4/out/server/src/server.js:8:1561)","timestamp":"2026-05-27T00:52:11.495Z"}
{"level":"error","message":"✘ Failed to rebuild document Failed to parse src/carreras.wlk: \n-- PARSING FAILED --------------------------------------------------\n\n  51 | \n  52 | \n> 53 | }\n     | ^\n  54 | \n  55 | class Carrera {\n\nExpected one of the following: \n\n'@', 'class', 'const', 'describe', 'mixin', 'object', 'only', 'package', 'program', 'test', 'var', '{', EOF, comment, not \"}\n\n\", whitespace\n","stack":"Error: Failed to parse src/carreras.wlk: \n-- PARSING FAILED --------------------------------------------------\n\n  51 | \n  52 | \n> 53 | }\n     | ^\n  54 | \n  55 | class Carrera {\n\nExpected one of the following: \n\n'@', 'class', 'const', 'describe', 'mixin', 'object', 'only', 'package', 'program', 'test', 'var', '{', EOF, comment, not \"}\n\n\", whitespace\n\n    at /home/geronimo/.vscode/extensions/uqbar.wollok-lsp-ide-0.5.4/out/server/src/server.js:2353:13026\n    at Array.map (<anonymous>)\n    at U1n (/home/geronimo/.vscode/extensions/uqbar.wollok-lsp-ide-0.5.4/out/server/src/server.js:2353:12950)\n    at H2.buildEnvironmentFrom (/home/geronimo/.vscode/extensions/uqbar.wollok-lsp-ide-0.5.4/out/server/src/server.js:2398:5254)\n    at H2.updateEnvironmentWith (/home/geronimo/.vscode/extensions/uqbar.wollok-lsp-ide-0.5.4/out/server/src/server.js:2398:4989)\n    at GF (/home/geronimo/.vscode/extensions/uqbar.wollok-lsp-ide-0.5.4/out/server/src/server.js:2398:7383)\n    at V3.invoke (/home/geronimo/.vscode/extensions/uqbar.wollok-lsp-ide-0.5.4/out/server/src/server.js:3:157328)\n    at o.fire (/home/geronimo/.vscode/extensions/uqbar.wollok-lsp-ide-0.5.4/out/server/src/server.js:3:158098)\n    at /home/geronimo/.vscode/extensions/uqbar.wollok-lsp-ide-0.5.4/out/server/src/server.js:37:57871\n    at nd (/home/geronimo/.vscode/extensions/uqbar.wollok-lsp-ide-0.5.4/out/server/src/server.js:8:1561)","timestamp":"2026-05-27T00:52:11.882Z"}
{"level":"error","message":"✘ Failed to rebuild document Failed to parse src/carreras.wlk: \n-- PARSING FAILED --------------------------------------------------\n\n  51 | \n  52 | \n> 53 | }\n     | ^\n  54 | \n  55 | class Carrera {\n\nExpected one of the following: \n\n'@', 'class', 'const', 'describe', 'mixin', 'object', 'only', 'package', 'program', 'test', 'var', '{', EOF, comment, not \"}\n\n\", whitespace\n","stack":"Error: Failed to parse src/carreras.wlk: \n-- PARSING FAILED --------------------------------------------------\n\n  51 | \n  52 | \n> 53 | }\n     | ^\n  54 | \n  55 | class Carrera {\n\nExpected one of the following: \n\n'@', 'class', 'const', 'describe', 'mixin', 'object', 'only', 'package', 'program', 'test', 'var', '{', EOF, comment, not \"}\n\n\", whitespace\n\n    at /home/geronimo/.vscode/extensions/uqbar.wollok-lsp-ide-0.5.4/out/server/src/server.js:2353:13026\n    at Array.map (<anonymous>)\n    at U1n (/home/geronimo/.vscode/extensions/uqbar.wollok-lsp-ide-0.5.4/out/server/src/server.js:2353:12950)\n    at H2.buildEnvironmentFrom (/home/geronimo/.vscode/extensions/uqbar.wollok-lsp-ide-0.5.4/out/server/src/server.js:2398:5254)\n    at H2.updateEnvironmentWith (/home/geronimo/.vscode/extensions/uqbar.wollok-lsp-ide-0.5.4/out/server/src/server.js:2398:4989)\n    at GF (/home/geronimo/.vscode/extensions/uqbar.wollok-lsp-ide-0.5.4/out/server/src/server.js:2398:7383)\n    at V3.invoke (/home/geronimo/.vscode/extensions/uqbar.wollok-lsp-ide-0.5.4/out/server/src/server.js:3:157328)\n    at o.fire (/home/geronimo/.vscode/extensions/uqbar.wollok-lsp-ide-0.5.4/out/server/src/server.js:3:158098)\n    at /home/geronimo/.vscode/extensions/uqbar.wollok-lsp-ide-0.5.4/out/server/src/server.js:37:57871\n    at nd (/home/geronimo/.vscode/extensions/uqbar.wollok-lsp-ide-0.5.4/out/server/src/server.js:8:1561)","timestamp":"2026-05-27T00:52:12.981Z"}
{"level":"error","message":"✘ Failed to rebuild document Failed to parse src/carreras.wlk: \n-- PARSING FAILED --------------------------------------------------\n\n  51 | \n  52 | \n> 53 | }\n     | ^\n  54 | \n  55 | class Carrera {\n\nExpected one of the following: \n\n'@', 'class', 'const', 'describe', 'mixin', 'object', 'only', 'package', 'program', 'test', 'var', '{', EOF, comment, not \"}\n\n\", whitespace\n","stack":"Error: Failed to parse src/carreras.wlk: \n-- PARSING FAILED --------------------------------------------------\n\n  51 | \n  52 | \n> 53 | }\n     | ^\n  54 | \n  55 | class Carrera {\n\nExpected one of the following: \n\n'@', 'class', 'const', 'describe', 'mixin', 'object', 'only', 'package', 'program', 'test', 'var', '{', EOF, comment, not \"}\n\n\", whitespace\n\n    at /home/geronimo/.vscode/extensions/uqbar.wollok-lsp-ide-0.5.4/out/server/src/server.js:2353:13026\n    at Array.map (<anonymous>)\n    at U1n (/home/geronimo/.vscode/extensions/uqbar.wollok-lsp-ide-0.5.4/out/server/src/server.js:2353:12950)\n    at H2.buildEnvironmentFrom (/home/geronimo/.vscode/extensions/uqbar.wollok-lsp-ide-0.5.4/out/server/src/server.js:2398:5254)\n    at H2.updateEnvironmentWith (/home/geronimo/.vscode/extensions/uqbar.wollok-lsp-ide-0.5.4/out/server/src/server.js:2398:4989)\n    at GF (/home/geronimo/.vscode/extensions/uqbar.wollok-lsp-ide-0.5.4/out/server/src/server.js:2398:7383)\n    at V3.invoke (/home/geronimo/.vscode/extensions/uqbar.wollok-lsp-ide-0.5.4/out/server/src/server.js:3:157328)\n    at o.fire (/home/geronimo/.vscode/extensions/uqbar.wollok-lsp-ide-0.5.4/out/server/src/server.js:3:158098)\n    at /home/geronimo/.vscode/extensions/uqbar.wollok-lsp-ide-0.5.4/out/server/src/server.js:37:57871\n    at nd (/home/geronimo/.vscode/extensions/uqbar.wollok-lsp-ide-0.5.4/out/server/src/server.js:8:1561)","timestamp":"2026-05-27T00:52:14.641Z"}
{"level":"error","message":"✘ Failed to rebuild document Failed to parse src/carreras.wlk: \n-- PARSING FAILED --------------------------------------------------\n\n  51 | \n  52 | \n> 53 | }\n     | ^\n  54 | \n  55 | class Carrera {\n\nExpected one of the following: \n\n'@', 'class', 'const', 'describe', 'mixin', 'object', 'only', 'package', 'program', 'test', 'var', '{', EOF, comment, not \"}\n\n\", whitespace\n","stack":"Error: Failed to parse src/carreras.wlk: \n-- PARSING FAILED --------------------------------------------------\n\n  51 | \n  52 | \n> 53 | }\n     | ^\n  54 | \n  55 | class Carrera {\n\nExpected one of the following: \n\n'@', 'class', 'const', 'describe', 'mixin', 'object', 'only', 'package', 'program', 'test', 'var', '{', EOF, comment, not \"}\n\n\", whitespace\n\n    at /home/geronimo/.vscode/extensions/uqbar.wollok-lsp-ide-0.5.4/out/server/src/server.js:2353:13026\n    at Array.map (<anonymous>)\n    at U1n (/home/geronimo/.vscode/extensions/uqbar.wollok-lsp-ide-0.5.4/out/server/src/server.js:2353:12950)\n    at H2.buildEnvironmentFrom (/home/geronimo/.vscode/extensions/uqbar.wollok-lsp-ide-0.5.4/out/server/src/server.js:2398:5254)\n    at H2.updateEnvironmentWith (/home/geronimo/.vscode/extensions/uqbar.wollok-lsp-ide-0.5.4/out/server/src/server.js:2398:4989)\n    at GF (/home/geronimo/.vscode/extensions/uqbar.wollok-lsp-ide-0.5.4/out/server/src/server.js:2398:7383)\n    at V3.invoke (/home/geronimo/.vscode/extensions/uqbar.wollok-lsp-ide-0.5.4/out/server/src/server.js:3:157328)\n    at o.fire (/home/geronimo/.vscode/extensions/uqbar.wollok-lsp-ide-0.5.4/out/server/src/server.js:3:158098)\n    at /home/geronimo/.vscode/extensions/uqbar.wollok-lsp-ide-0.5.4/out/server/src/server.js:37:57871\n    at nd (/home/geronimo/.vscode/extensions/uqbar.wollok-lsp-ide-0.5.4/out/server/src/server.js:8:1561)","timestamp":"2026-05-27T00:52:15.731Z"}
{"level":"info","message":"⌛ Building environment","timeElapsed":300,"timestamp":"2026-05-27T00:52:16.515Z"}
{"level":"info","message":"⌛ Validating src/carreras.wlk","timeElapsed":146,"timestamp":"2026-05-27T00:52:16.707Z"}
{"level":"info","message":"⌛ Building environment","timeElapsed":469,"timestamp":"2026-05-27T00:52:22.949Z"}
{"level":"info","message":"⌛ Building environment","timeElapsed":152,"timestamp":"2026-05-27T00:52:23.112Z"}
{"level":"info","message":"⌛ Validating src/carreras.wlk","timeElapsed":207,"timestamp":"2026-05-27T00:52:23.320Z"}
{"level":"info","message":"⌛ Validating src/carreras.wlk","timeElapsed":143,"timestamp":"2026-05-27T00:52:23.467Z"}
{"level":"info","message":"⌛ Building environment","timeElapsed":151,"timestamp":"2026-05-27T00:52:23.625Z"}
{"level":"info","message":"⌛ Validating src/carreras.wlk","timeElapsed":136,"timestamp":"2026-05-27T00:52:23.768Z"}
{"level":"info","message":"⌛ Building environment","timeElapsed":433,"timestamp":"2026-05-27T00:52:24.390Z"}
{"level":"info","message":"⌛ Validating src/carreras.wlk","timeElapsed":215,"timestamp":"2026-05-27T00:52:24.643Z"}
{"level":"info","message":"⌛ Building environment","timeElapsed":427,"timestamp":"2026-05-27T00:52:26.038Z"}
{"level":"info","message":"⌛ Validating src/carreras.wlk","timeElapsed":145,"timestamp":"2026-05-27T00:52:26.190Z"}
{"level":"info","message":"⌛ Building environment","timeElapsed":425,"timestamp":"2026-05-27T00:52:26.880Z"}
{"level":"info","message":"⌛ Validating src/carreras.wlk","timeElapsed":146,"timestamp":"2026-05-27T00:52:27.058Z"}
{"level":"info","message":"⌛ Building environment","timeElapsed":493,"timestamp":"2026-05-27T00:52:28.551Z"}
{"level":"info","message":"⌛ Validating src/carreras.wlk","timeElapsed":137,"timestamp":"2026-05-27T00:52:28.709Z"}
{"level":"info","message":"⌛ Building environment","timeElapsed":445,"timestamp":"2026-05-27T00:52:29.728Z"}
{"level":"info","message":"⌛ Validating src/carreras.wlk","timeElapsed":140,"timestamp":"2026-05-27T00:52:29.879Z"}
{"level":"info","message":"⌛ Building environment","timeElapsed":387,"timestamp":"2026-05-27T00:53:02.841Z"}
{"level":"info","message":"⌛ Validating src/carreras.wlk","timeElapsed":159,"timestamp":"2026-05-27T00:53:03.121Z"}
{"level":"info","message":"⌛ Building environment","timeElapsed":194,"timestamp":"2026-05-27T00:53:03.316Z"}
{"level":"info","message":"⌛ Validating src/carreras.wlk","timeElapsed":144,"timestamp":"2026-05-27T00:53:03.508Z"}
{"level":"info","message":"⌛ Building environment","timeElapsed":511,"timestamp":"2026-05-27T00:56:27.940Z"}
{"level":"info","message":"⌛ Building environment","timeElapsed":234,"timestamp":"2026-05-27T00:56:28.175Z"}
{"level":"info","message":"⌛ Building environment","timeElapsed":224,"timestamp":"2026-05-27T00:56:28.400Z"}
{"level":"info","message":"⌛ Building environment","timeElapsed":144,"timestamp":"2026-05-27T00:56:28.573Z"}
{"level":"info","message":"⌛ Validating src/carreras.wlk","timeElapsed":134,"timestamp":"2026-05-27T00:56:28.753Z"}
{"level":"info","message":"⌛ Building environment","timeElapsed":143,"timestamp":"2026-05-27T00:56:28.896Z"}
{"level":"info","message":"⌛ Building environment","timeElapsed":199,"timestamp":"2026-05-27T00:56:29.108Z"}
{"level":"info","message":"⌛ Validating src/carreras.wlk","timeElapsed":198,"timestamp":"2026-05-27T00:56:29.306Z"}
{"level":"info","message":"⌛ Validating src/carreras.wlk","timeElapsed":130,"timestamp":"2026-05-27T00:56:29.448Z"}
{"level":"info","message":"⌛ Validating src/carreras.wlk","timeElapsed":146,"timestamp":"2026-05-27T00:56:29.595Z"}
{"level":"info","message":"⌛ Building environment","timeElapsed":108,"timestamp":"2026-05-27T00:56:29.705Z"}
{"level":"info","message":"⌛ Validating src/carreras.wlk","timeElapsed":188,"timestamp":"2026-05-27T00:56:29.926Z"}
{"level":"info","message":"⌛ Building environment","timeElapsed":132,"timestamp":"2026-05-27T00:56:30.059Z"}
{"level":"info","message":"⌛ Building environment","timeElapsed":137,"timestamp":"2026-05-27T00:56:30.196Z"}
{"level":"info","message":"⌛ Validating src/carreras.wlk","timeElapsed":167,"timestamp":"2026-05-27T00:56:30.363Z"}
{"level":"info","message":"⌛ Building environment","timeElapsed":172,"timestamp":"2026-05-27T00:56:30.546Z"}
{"level":"info","message":"⌛ Validating src/carreras.wlk","timeElapsed":142,"timestamp":"2026-05-27T00:56:30.689Z"}
{"level":"info","message":"⌛ Building environment","timeElapsed":175,"timestamp":"2026-05-27T00:56:30.876Z"}
{"level":"info","message":"⌛ Building environment","timeElapsed":182,"timestamp":"2026-05-27T00:56:31.105Z"}
{"level":"info","message":"⌛ Validating src/carreras.wlk","timeElapsed":126,"timestamp":"2026-05-27T00:56:31.231Z"}
{"level":"info","message":"⌛ Validating src/carreras.wlk","timeElapsed":209,"timestamp":"2026-05-27T00:56:31.440Z"}
{"level":"info","message":"⌛ Building environment","timeElapsed":132,"timestamp":"2026-05-27T00:56:31.576Z"}
{"level":"info","message":"⌛ Building environment","timeElapsed":127,"timestamp":"2026-05-27T00:56:31.703Z"}
{"level":"info","message":"⌛ Building environment","timeElapsed":135,"timestamp":"2026-05-27T00:56:31.837Z"}
{"level":"info","message":"⌛ Building environment","timeElapsed":121,"timestamp":"2026-05-27T00:56:31.959Z"}
{"level":"info","message":"⌛ Building environment","timeElapsed":118,"timestamp":"2026-05-27T00:56:32.078Z"}
{"level":"info","message":"⌛ Validating src/carreras.wlk","timeElapsed":145,"timestamp":"2026-05-27T00:56:32.224Z"}
{"level":"info","message":"⌛ Building environment","timeElapsed":118,"timestamp":"2026-05-27T00:56:32.343Z"}
{"level":"info","message":"⌛ Building environment","timeElapsed":116,"timestamp":"2026-05-27T00:56:32.460Z"}
{"level":"info","message":"⌛ Validating src/carreras.wlk","timeElapsed":128,"timestamp":"2026-05-27T00:56:32.588Z"}
{"level":"info","message":"⌛ Validating src/carreras.wlk","timeElapsed":129,"timestamp":"2026-05-27T00:56:32.729Z"}
{"level":"info","message":"⌛ Validating src/carreras.wlk","timeElapsed":145,"timestamp":"2026-05-27T00:56:32.875Z"}
{"level":"info","message":"⌛ Validating src/carreras.wlk","timeElapsed":111,"timestamp":"2026-05-27T00:56:32.987Z"}
{"level":"info","message":"⌛ Validating src/carreras.wlk","timeElapsed":119,"timestamp":"2026-05-27T00:56:33.107Z"}
{"level":"info","message":"⌛ Validating src/carreras.wlk","timeElapsed":110,"timestamp":"2026-05-27T00:56:33.218Z"}
{"level":"info","message":"⌛ Validating src/carreras.wlk","timeElapsed":121,"timestamp":"2026-05-27T00:56:33.340Z"}
{"level":"info","message":"⌛ Validating src/carreras.wlk","timeElapsed":130,"timestamp":"2026-05-27T00:56:33.472Z"}
{"level":"info","message":"⌛ Validating src/carreras.wlk","timeElapsed":118,"timestamp":"2026-05-27T00:56:33.590Z"}
{"level":"info","message":"⌛ Building environment","timeElapsed":488,"timestamp":"2026-05-27T01:00:39.641Z"}
{"level":"info","message":"⌛ Building environment","timeElapsed":211,"timestamp":"2026-05-27T01:00:39.854Z"}
{"level":"info","message":"⌛ Validating src/carreras.wlk","timeElapsed":196,"timestamp":"2026-05-27T01:00:40.050Z"}
{"level":"info","message":"⌛ Validating src/carreras.wlk","timeElapsed":169,"timestamp":"2026-05-27T01:00:40.220Z"}
{"level":"info","message":"⌛ Building environment","timeElapsed":454,"timestamp":"2026-05-27T01:00:42.367Z"}
{"level":"info","message":"⌛ Validating src/carreras.wlk","timeElapsed":197,"timestamp":"2026-05-27T01:00:42.588Z"}
